<?xml version="1.0" encoding="UTF-8" standalone="no"?><testsuite errors="1" failures="0" name="Calificación de eventos por usuarios autenticados" skipped="0" tests="1" time="0.05" timestamp="2025-07-11 03:10:32"><testcase name="Usuario califica un evento con una calificación válida"><error message="Cannot invoke &quot;net.serenitybdd.screenplay.Actor.can(net.serenitybdd.screenplay.Ability)&quot; because &quot;this.actor&quot; is null" type="java.lang.NullPointerException">Cannot invoke "net.serenitybdd.screenplay.Actor.can(net.serenitybdd.screenplay.Ability)" because "this.actor" is null</error><system-err>Cannot invoke "net.serenitybdd.screenplay.Actor.can(net.serenitybdd.screenplay.Ability)" because "this.actor" is null&#13;
co.edu.udea.calidad.vivemedellin.stepdefinitions.CalificarStepDefinition.config(CalificarStepDefinition.java:34)&#13;
</system-err></testcase></testsuite>